Determining if the function iconv_open exists failed with the following output:
Change Dir: /Users/anoukrossier/Documents/EPFL/BA3/Prog/Neuronint/doxygen/CMakeFiles/CMakeTmp

Run Build Command:"/usr/bin/make" "cmTC_4d4b9/fast"
/Applications/Xcode.app/Contents/Developer/usr/bin/make -f CMakeFiles/cmTC_4d4b9.dir/build.make CMakeFiles/cmTC_4d4b9.dir/build
Building C object CMakeFiles/cmTC_4d4b9.dir/CheckFunctionExists.c.o
/Applications/Xcode.app/Contents/Developer/Toolchains/XcodeDefault.xctoolchain/usr/bin/cc   -Wno-deprecated-register -mmacosx-version-min=10.5  -DCHECK_FUNCTION_EXISTS=iconv_open   -o CMakeFiles/cmTC_4d4b9.dir/CheckFunctionExists.c.o   -c /usr/local/Cellar/cmake/3.9.3_1/share/cmake/Modules/CheckFunctionExists.c
Linking C executable cmTC_4d4b9
/usr/local/Cellar/cmake/3.9.3_1/bin/cmake -E cmake_link_script CMakeFiles/cmTC_4d4b9.dir/link.txt --verbose=1
/Applications/Xcode.app/Contents/Developer/Toolchains/XcodeDefault.xctoolchain/usr/bin/cc -Wno-deprecated-register -mmacosx-version-min=10.5  -DCHECK_FUNCTION_EXISTS=iconv_open -Wl,-search_paths_first -Wl,-headerpad_max_install_names   CMakeFiles/cmTC_4d4b9.dir/CheckFunctionExists.c.o  -o cmTC_4d4b9 
Undefined symbols for architecture x86_64:
  "_iconv_open", referenced from:
      _main in CheckFunctionExists.c.o
ld: symbol(s) not found for architecture x86_64
clang: error: linker command failed with exit code 1 (use -v to see invocation)
make[1]: *** [cmTC_4d4b9] Error 1
make: *** [cmTC_4d4b9/fast] Error 2


Performing C++ SOURCE FILE Test ICONV_ACCEPTS_CONST_INPUT failed with the following output:
Change Dir: /Users/anoukrossier/Documents/EPFL/BA3/Prog/Neuronint/doxygen/CMakeFiles/CMakeTmp

Run Build Command:"/usr/bin/make" "cmTC_d4489/fast"
/Applications/Xcode.app/Contents/Developer/usr/bin/make -f CMakeFiles/cmTC_d4489.dir/build.make CMakeFiles/cmTC_d4489.dir/build
Building CXX object CMakeFiles/cmTC_d4489.dir/src.cxx.o
/Applications/Xcode.app/Contents/Developer/Toolchains/XcodeDefault.xctoolchain/usr/bin/c++    -Wno-deprecated-register -mmacosx-version-min=10.5  -DICONV_ACCEPTS_CONST_INPUT   -o CMakeFiles/cmTC_d4489.dir/src.cxx.o -c /Users/anoukrossier/Documents/EPFL/BA3/Prog/Neuronint/doxygen/CMakeFiles/CMakeTmp/src.cxx
/Users/anoukrossier/Documents/EPFL/BA3/Prog/Neuronint/doxygen/CMakeFiles/CMakeTmp/src.cxx:4:13: error: no matching function for call to 'iconv'
            iconv(iconv_t(-1), &p, 0, 0, 0);
            ^~~~~
/usr/include/iconv.h:69:8: note: candidate function not viable: no known conversion from 'const char **' to 'char **' for 2nd argument
size_t iconv (iconv_t /*cd*/,
       ^
1 error generated.
make[1]: *** [CMakeFiles/cmTC_d4489.dir/src.cxx.o] Error 1
make: *** [cmTC_d4489/fast] Error 2

Source file was:
#include <iconv.h>
         int main() {
            char const *p = 0;
            iconv(iconv_t(-1), &p, 0, 0, 0);
         }
